
 
 Input file: ./BEDHR-Results/Dock3.csv
 BEDHR(20%): 0.681129104173
 BEDHR(5%): 0.593145216167
 BEDHR(1%): 0.321218794672
 BEDHR(20%): 0.681129104173
 
 Input file: ./BEDHR-Results/Dock4.csv
 BEDHR(20%): 0.602399845136
 BEDHR(5%): 0.373098351419
 BEDHR(1%): 0.051129171432
 BEDHR(20%): 0.602399845136
 
 Input file: ./BEDHR-Results/Dock10.csv
 BEDHR(20%): 0.586723230543
 BEDHR(5%): 0.506377941666
 BEDHR(1%): 0.363557633751
 BEDHR(20%): 0.586723230543
 
 Input file: ./BEDHR-Results/Dock12.csv
 BEDHR(20%): 0.597962341342
 BEDHR(5%): 0.495179304175
 BEDHR(1%): 0.175050521298
 BEDHR(20%): 0.597962341342
 
 Input file: ./BEDHR-Results/Dock14.csv
 BEDHR(20%): 0.649040541084
 BEDHR(5%): 0.597575345435
 BEDHR(1%): 0.740239103712
 BEDHR(20%): 0.649040541084
 
 Input file: ./BEDHR-Results/Dock15.csv
 BEDHR(20%): 0.646471735211
 BEDHR(5%): 0.409027114082
 BEDHR(1%): 0.250589637896
 BEDHR(20%): 0.646471735211
 
 Input file: ./BEDHR-Results/Dock16.csv
 BEDHR(20%): 0.602559562719
 BEDHR(5%): 0.551392670047
 BEDHR(1%): 0.404846552627
 BEDHR(20%): 0.602559562719
 
 Input file: ./BEDHR-Results/Dock17.csv
 BEDHR(20%): 0.59391099636
 BEDHR(5%): 0.511442913914
 BEDHR(1%): 0.397231665979
 BEDHR(20%): 0.59391099636
 
 Input file: ./BEDHR-Results/Dock18.csv
 BEDHR(20%): 0.597045821821
 BEDHR(5%): 0.422868161821
 BEDHR(1%): 0.294454724993
 BEDHR(20%): 0.597045821821
 
 Input file: ./BEDHR-Results/Dock19.csv
 BEDHR(20%): 0.662183530456
 BEDHR(5%): 0.457223557375
 BEDHR(1%): 0.155489128337
 BEDHR(20%): 0.662183530456
 
 Input file: ./BEDHR-Results/Dock20.csv
 BEDHR(20%): 0.583272176334
 BEDHR(5%): 0.476460359993
 BEDHR(1%): 0.356032552527
 BEDHR(20%): 0.583272176334
 
 Input file: ./BEDHR-Results/Dock21.csv
 BEDHR(20%): 0.590936779838
 BEDHR(5%): 0.53933534803
 BEDHR(1%): 0.696888896065
 BEDHR(20%): 0.590936779838
 
 Input file: ./BEDHR-Results/Dock22.csv
 BEDHR(20%): 0.448410094037
 BEDHR(5%): 0.244518943452
 BEDHR(1%): 0.00973190507221
 BEDHR(20%): 0.448410094037
 
 Input file: ./BEDHR-Results/Dock23.csv
 BEDHR(20%): 0.723262311484
 BEDHR(5%): 0.428560556609
 BEDHR(1%): 0.0560751737714
 BEDHR(20%): 0.723262311484
 
 Input file: ./BEDHR-Results/Dock24.csv
 BEDHR(20%): 0.729627212309
 BEDHR(5%): 0.471080055351
 BEDHR(1%): 0.0325698126377
 BEDHR(20%): 0.729627212309
 
 Input file: ./BEDHR-Results/Dock25.csv
 BEDHR(20%): 0.636904132122
 BEDHR(5%): 0.812430472887
 BEDHR(1%): 0.999335377746
 BEDHR(20%): 0.636904132122
 
 Input file: ./BEDHR-Results/Dock26.csv
 BEDHR(20%): 0.506941932043
 BEDHR(5%): 0.343259940111
 BEDHR(1%): 0.0107308011259
 BEDHR(20%): 0.506941932043
 
 Input file: ./BEDHR-Results/Dock27.csv
 BEDHR(20%): 0.731927658103
 BEDHR(5%): 0.428969087504
 BEDHR(1%): 0.0560751737714
 BEDHR(20%): 0.731927658103
 
 Input file: ./BEDHR-Results/Dock29.csv
 BEDHR(20%): 0.749451400163
 BEDHR(5%): 0.822078123328
 BEDHR(1%): 0.99933537804
 BEDHR(20%): 0.749451400163
 
 Input file: ./BEDHR-Results/Dock30.csv
 BEDHR(20%): 0.489776628978
 BEDHR(5%): 0.263738156326
 BEDHR(1%): 0.00400245835894
 BEDHR(20%): 0.489776628978
 
 Input file: ./BEDHR-Results/Dock31.csv
 BEDHR(20%): 0.583464966007
 BEDHR(5%): 0.519275416604
 BEDHR(1%): 0.679677713054
 BEDHR(20%): 0.583464966007
 
 Input file: ./BEDHR-Results/Dock32.csv
 BEDHR(20%): 0.527132890953
 BEDHR(5%): 0.354222138336
 BEDHR(1%): 0.0773014793459
 BEDHR(20%): 0.527132890953
 
 Input file: ./BEDHR-Results/Dock33.csv
 BEDHR(20%): 0.564514564924
 BEDHR(5%): 0.403879853842
 BEDHR(1%): 0.0362235565122
 BEDHR(20%): 0.564514564924
 
 Input file: ./BEDHR-Results/Dock34.csv
 BEDHR(20%): 0.502291303557
 BEDHR(5%): 0.391826760686
 BEDHR(1%): 0.0980564683879
 BEDHR(20%): 0.502291303557
 
 Input file: ./BEDHR-Results/Dock35.csv
 BEDHR(20%): 0.511612714916
 BEDHR(5%): 0.489709954828
 BEDHR(1%): 0.749796747148
 BEDHR(20%): 0.511612714916
 
 Input file: ./BEDHR-Results/Dock36.csv
 BEDHR(20%): 0.535307986531
 BEDHR(5%): 0.559928549747
 BEDHR(1%): 0.963410659509
 BEDHR(20%): 0.535307986531
 
 Input file: ./BEDHR-Results/Dock37.csv
 BEDHR(20%): 0.592286156734
 BEDHR(5%): 0.642480679163
 BEDHR(1%): 0.922433842428
 BEDHR(20%): 0.592286156734
 
 Input file: ./BEDHR-Results/Dock39.csv
 BEDHR(20%): 0.51322187696
 BEDHR(5%): 0.27906287418
 BEDHR(1%): 0.0746554798648
 BEDHR(20%): 0.51322187696
 
 Input file: ./BEDHR-Results/Dock41.csv
 BEDHR(20%): 0.730215150328
 BEDHR(5%): 0.729887800183
 BEDHR(1%): 0.901867584357
 BEDHR(20%): 0.730215150328
 
 Input file: ./BEDHR-Results/Dock42.csv
 BEDHR(20%): 0.607369855603
 BEDHR(5%): 0.3658150599
 BEDHR(1%): 0.0336235130995
 BEDHR(20%): 0.607369855603
  
 Input file: ./BEDHR-Results/Dock24-2.csv
 BEDHR(20%): 0.391000878776
 BEDHR(5%): 0.0789126296708
 BEDHR(1%): 3.34290466141e-05
 BEDHR(20%): 0.391000878776



 
 Input file: ./BEDHR-Results/Dock5.csv
 BEDHR(20%): 0.751158695084
 BEDHR(5%): 0.765548033132
 BEDHR(1%): 0.752584993462
 BEDHR(20%): 0.751158695084
 
 Input file: ./BEDHR-Results/Dock6.csv
 BEDHR(20%): 0.753429945584
 BEDHR(5%): 0.824813795411
 BEDHR(1%): 0.754817380641
 BEDHR(20%): 0.753429945584
 
 Input file: ./BEDHR-Results/Dock11.csv
 BEDHR(20%): 0.754457152905
 BEDHR(5%): 0.724757584761
 BEDHR(1%): 0.709238753194
 BEDHR(20%): 0.754457152905
 
 Input file: ./BEDHR-Results/Dock13.csv
 BEDHR(20%): 0.651813379187
 BEDHR(5%): 0.755240714134
 BEDHR(1%): 0.987093258481
 BEDHR(20%): 0.651813379187
 
 Input file: ./BEDHR-Results/MM14.csv
 BEDHR(20%): 0.699682216138
 BEDHR(5%): 0.844368042453
 BEDHR(1%): 0.991272372386
 BEDHR(20%): 0.699682216138
 
 Input file: ./BEDHR-Results/MM15.csv
 BEDHR(20%): 0.64504644308
 BEDHR(5%): 0.710993380534
 BEDHR(1%): 0.874184607232
 BEDHR(20%): 0.64504644308
 
 Input file: ./BEDHR-Results/MM16.csv
 BEDHR(20%): 0.80988974182
 BEDHR(5%): 0.896866748285
 BEDHR(1%): 0.998146173126
 BEDHR(20%): 0.80988974182
 
 Input file: ./BEDHR-Results/MM17.csv
 BEDHR(20%): 0.701527641836
 BEDHR(5%): 0.665683069252
 BEDHR(1%): 0.70571169788
 BEDHR(20%): 0.701527641836
 
 Input file: ./BEDHR-Results/MM18.csv
 BEDHR(20%): 0.744264733665
 BEDHR(5%): 0.834315072789
 BEDHR(1%): 0.987930278242
 BEDHR(20%): 0.744264733665
 
 Input file: ./BEDHR-Results/MM19.csv
 BEDHR(20%): 0.6768821479
 BEDHR(5%): 0.713347950904
 BEDHR(1%): 0.970090655656
 BEDHR(20%): 0.6768821479
 
 Input file: ./BEDHR-Results/MM20.csv
 BEDHR(20%): 0.719940450466
 BEDHR(5%): 0.820522855087
 BEDHR(1%): 0.978855115994
 BEDHR(20%): 0.719940450466
 
 Input file: ./BEDHR-Results/MM21.csv
 BEDHR(20%): 0.708992323037
 BEDHR(5%): 0.722142083474
 BEDHR(1%): 0.7508687237
 BEDHR(20%): 0.708992323037
 
 Input file: ./BEDHR-Results/MM22.csv
 BEDHR(20%): 0.708080374571
 BEDHR(5%): 0.939372505712
 BEDHR(1%): 0.999989165636
 BEDHR(20%): 0.708080374571
 
 Input file: ./BEDHR-Results/MM23.csv
 BEDHR(20%): 0.941173005406
 BEDHR(5%): 0.999861660744
 BEDHR(1%): 1.0
 BEDHR(20%): 0.941173005406
 
 Input file: ./BEDHR-Results/MM24.csv
 BEDHR(20%): 0.965936513763
 BEDHR(5%): 0.998956631708
 BEDHR(1%): 1.0
 BEDHR(20%): 0.965936513763

 
 Input file: ./BEDHR-Results/MM24-2.csv
 BEDHR(20%): 0.632640239001
 BEDHR(5%): 0.620704963507
 BEDHR(1%): 0.96746365187
 BEDHR(20%): 0.632640239001
 
 Input file: ./BEDHR-Results/MM25.csv
 BEDHR(20%): 0.894522920433
 BEDHR(5%): 0.999454747665
 BEDHR(1%): 1.0
 BEDHR(20%): 0.894522920433
 
 Input file: ./BEDHR-Results/MM26.csv
 BEDHR(20%): 0.633391973195
 BEDHR(5%): 0.923936723176
 BEDHR(1%): 0.999896574369
 BEDHR(20%): 0.633391973195
 
 Input file: ./BEDHR-Results/MM27.csv
 BEDHR(20%): 0.888877222195
 BEDHR(5%): 0.954855378926
 BEDHR(1%): 0.99998829543
 BEDHR(20%): 0.888877222195
 
 Input file: ./BEDHR-Results/MM29.csv
 BEDHR(20%): 0.792201225573
 BEDHR(5%): 0.988229105725
 BEDHR(1%): 0.999999999706
 BEDHR(20%): 0.792201225573
 
 Input file: ./BEDHR-Results/MM30.csv
 BEDHR(20%): 0.633604150975
 BEDHR(5%): 0.823136771101
 BEDHR(1%): 0.991575111652
 BEDHR(20%): 0.633604150975
 
 Input file: ./BEDHR-Results/MM31.csv
 BEDHR(20%): 0.604796530648
 BEDHR(5%): 0.798132163531
 BEDHR(1%): 0.998758718298
 BEDHR(20%): 0.604796530648
 
 Input file: ./BEDHR-Results/MM32.csv
 BEDHR(20%): 0.674595348261
 BEDHR(5%): 0.804008321771
 BEDHR(1%): 0.972840875643
 BEDHR(20%): 0.674595348261
 
 Input file: ./BEDHR-Results/MM33.csv
 BEDHR(20%): 0.65616131828
 BEDHR(5%): 0.868189872627
 BEDHR(1%): 0.99187529567
 BEDHR(20%): 0.65616131828
 
 Input file: ./BEDHR-Results/MM34-2.csv
 BEDHR(20%): 0.648499367087
 BEDHR(5%): 0.830004284607
 BEDHR(1%): 0.999581020038
 BEDHR(20%): 0.648499367087
 
 Input file: ./BEDHR-Results/MM35.csv
 BEDHR(20%): 0.624177989299
 BEDHR(5%): 0.729992758422
 BEDHR(1%): 0.967378379073
 BEDHR(20%): 0.624177989299
 
 Input file: ./BEDHR-Results/MM36.csv
 BEDHR(20%): 0.600333780813
 BEDHR(5%): 0.585186816414
 BEDHR(1%): 0.307292538602
 BEDHR(20%): 0.600333780813
 
 Input file: ./BEDHR-Results/MM37.csv
 BEDHR(20%): 0.646969958964
 BEDHR(5%): 0.815023941788
 BEDHR(1%): 0.991741328991
 BEDHR(20%): 0.646969958964
 
 Input file: ./BEDHR-Results/MM39.csv
 BEDHR(20%): 0.581975721674
 BEDHR(5%): 0.702117145736
 BEDHR(1%): 0.777849359284
 BEDHR(20%): 0.581975721674
 
 Input file: ./BEDHR-Results/MM41.csv
 BEDHR(20%): 0.654790798064
 BEDHR(5%): 0.773059149577
 BEDHR(1%): 0.996270015227
 BEDHR(20%): 0.654790798064
 
 Input file: ./BEDHR-Results/MM42.csv
 BEDHR(20%): 0.769009428002
 BEDHR(5%): 0.8424817132
 BEDHR(1%): 0.991546380187
 BEDHR(20%): 0.769009428002

 Input file: ./BEDHR-Results/Dock28.csv
 BEDHR(20%): 0.38996125794
 BEDHR(5%): 0.140246186761
 BEDHR(1%): 0.00102631152722
 BEDHR(20%): 0.38996125794
 
 Input file: ./BEDHR-Results/MM28.csv
 BEDHR(20%): 0.579785030781
 BEDHR(5%): 0.428135343294
 BEDHR(1%): 0.0325374723676
 BEDHR(20%): 0.579785030781

 
 Input file: ./BEDHR-Results/Dock40.csv
 BEDHR(20%): 0.591724146682
 BEDHR(5%): 0.538987983628
 BEDHR(1%): 0.696276776492
 BEDHR(20%): 0.591724146682

 
 Input file: ./BEDHR-Results/MM40.csv
 BEDHR(20%): 0.713119414883
 BEDHR(5%): 0.898115021115
 BEDHR(1%): 0.999092027518
 BEDHR(20%): 0.713119414883
